<?xml version="1.0" encoding="UTF-8"?>
<testng-results ignored="0" total="1" passed="1" failed="0" skipped="0">
  <reporter-output>
  </reporter-output>
  <suite started-at="2024-06-28T01:03:05 IST" name="Default suite" finished-at="2024-06-28T01:03:05 IST" duration-ms="139">
    <groups>
    </groups>
    <test started-at="2024-06-28T01:03:05 IST" name="Default test" finished-at="2024-06-28T01:03:05 IST" duration-ms="139">
      <class name="com.Mytests.D0eDemoTestNg">
        <test-method is-config="true" signature="beforeTest()[pri:0, instance:com.Mytests.D0eDemoTestNg@27406a17]" started-at="2024-06-28T01:03:05 IST" name="beforeTest" finished-at="2024-06-28T01:03:05 IST" duration-ms="22" status="PASS">
          <reporter-output>
          </reporter-output>
        </test-method> <!-- beforeTest -->
        <test-method is-config="true" signature="beforeMethod()[pri:0, instance:com.Mytests.D0eDemoTestNg@27406a17]" started-at="2024-06-28T01:03:05 IST" name="beforeMethod" finished-at="2024-06-28T01:03:05 IST" duration-ms="1" status="PASS">
          <reporter-output>
          </reporter-output>
        </test-method> <!-- beforeMethod -->
        <test-method signature="f()[pri:0, instance:com.Mytests.D0eDemoTestNg@27406a17]" started-at="2024-06-28T01:03:05 IST" name="f" finished-at="2024-06-28T01:03:05 IST" duration-ms="12" status="PASS">
          <reporter-output>
          </reporter-output>
        </test-method> <!-- f -->
        <test-method is-config="true" signature="afterMethod()[pri:0, instance:com.Mytests.D0eDemoTestNg@27406a17]" started-at="2024-06-28T01:03:05 IST" name="afterMethod" finished-at="2024-06-28T01:03:05 IST" duration-ms="1" status="PASS">
          <reporter-output>
          </reporter-output>
        </test-method> <!-- afterMethod -->
        <test-method is-config="true" signature="afterTest()[pri:0, instance:com.Mytests.D0eDemoTestNg@27406a17]" started-at="2024-06-28T01:03:05 IST" name="afterTest" finished-at="2024-06-28T01:03:05 IST" duration-ms="1" status="PASS">
          <reporter-output>
          </reporter-output>
        </test-method> <!-- afterTest -->
      </class> <!-- com.Mytests.D0eDemoTestNg -->
    </test> <!-- Default test -->
  </suite> <!-- Default suite -->
</testng-results>
