<?xml version="1.0" encoding="UTF-8"?>
<testng-results ignored="0" total="1" passed="1" failed="0" skipped="0">
  <reporter-output>
  </reporter-output>
  <suite started-at="2024-07-11T19:14:23 IST" name="Default suite" finished-at="2024-07-11T19:14:30 IST" duration-ms="7442">
    <groups>
    </groups>
    <test started-at="2024-07-11T19:14:23 IST" name="Default test" finished-at="2024-07-11T19:14:30 IST" duration-ms="7442">
      <class name="SeleniumWebDriverAssignment.LoginWithCorrectDetailsClient">
        <test-method is-config="true" signature="setUp()[pri:0, instance:SeleniumWebDriverAssignment.LoginWithCorrectDetailsClient@5acf93bb]" started-at="2024-07-11T19:14:09 IST" name="setUp" finished-at="2024-07-11T19:14:23 IST" duration-ms="13404" status="PASS">
          <reporter-output>
          </reporter-output>
        </test-method> <!-- setUp -->
        <test-method signature="login()[pri:1, instance:SeleniumWebDriverAssignment.LoginWithCorrectDetailsClient@5acf93bb]" started-at="2024-07-11T19:14:23 IST" name="login" finished-at="2024-07-11T19:14:30 IST" duration-ms="7377" status="PASS">
          <reporter-output>
          </reporter-output>
        </test-method> <!-- login -->
      </class> <!-- SeleniumWebDriverAssignment.LoginWithCorrectDetailsClient -->
    </test> <!-- Default test -->
  </suite> <!-- Default suite -->
</testng-results>
